c:\users\stefanos\desktop\project2\project2\debug\vc120.pdb
c:\users\stefanos\desktop\project2\project2\debug\vc120.idb
c:\users\stefanos\desktop\project2\project2\debug\ballisticinterpolator.obj
c:\users\stefanos\desktop\project2\project2\debug\boundingbox.obj
c:\users\stefanos\desktop\project2\project2\debug\camera.obj
c:\users\stefanos\desktop\project2\project2\debug\coin.obj
c:\users\stefanos\desktop\project2\project2\debug\cube.obj
c:\users\stefanos\desktop\project2\project2\debug\gameasset.obj
c:\users\stefanos\desktop\project2\project2\debug\main.obj
c:\users\stefanos\desktop\project2\project2\debug\md2asset.obj
c:\users\stefanos\desktop\project2\project2\debug\player.obj
c:\users\stefanos\desktop\project2\project2\debug\triangularpyramidasset.obj
c:\users\stefanos\desktop\project2\project2\debug\wallasset.obj
c:\users\stefanos\desktop\project2\debug\project2.ilk
c:\users\stefanos\desktop\project2\debug\project2.exe
c:\users\stefanos\desktop\project2\debug\project2.pdb
c:\users\stefanos\desktop\project2\project2\debug\project2.tlog\cl.command.1.tlog
c:\users\stefanos\desktop\project2\project2\debug\project2.tlog\cl.read.1.tlog
c:\users\stefanos\desktop\project2\project2\debug\project2.tlog\cl.write.1.tlog
c:\users\stefanos\desktop\project2\project2\debug\project2.tlog\link.command.1.tlog
c:\users\stefanos\desktop\project2\project2\debug\project2.tlog\link.read.1.tlog
c:\users\stefanos\desktop\project2\project2\debug\project2.tlog\link.write.1.tlog
